<?xml version="1.0" encoding="UTF-8"?>
<!-- Generated by org.testng.reporters.JUnitXMLReporter -->
<testsuite ignored="0" hostname="Akash" failures="0" tests="5" name="chromeTest" time="46.203" errors="0" timestamp="2023-02-22T15:01:11 IST">
  <testcase classname="testCases.TC_003_LoginDataDrivenTest" name="testLogin" time="1.049"/>
  <testcase classname="testCases.TC_003_LoginDataDrivenTest" name="testLogin" time="10.386"/>
  <testcase classname="testCases.TC_003_LoginDataDrivenTest" name="testLogin" time="10.545"/>
  <testcase classname="testCases.TC_003_LoginDataDrivenTest" name="testLogin" time="10.492"/>
  <testcase classname="testCases.TC_003_LoginDataDrivenTest" name="testLogin" time="10.534"/>
</testsuite> <!-- chromeTest -->
