<?xml version="1.0" encoding="UTF-8"?>
<testng-results ignored="0" total="0" passed="0" failed="0" skipped="0">
  <reporter-output>
  </reporter-output>
  <suite started-at="2023-02-22T20:15:39 IST" name="Suite" finished-at="2023-02-22T20:15:39 IST" duration-ms="0">
    <groups>
      <group name="Master">
        <method signature="TC_001_AccountRegistrationTest.test_account_registration()[pri:0, instance:testCases.TC_001_AccountRegistrationTest@49ec71f8]" name="test_account_registration" class="testCases.TC_001_AccountRegistrationTest"/>
        <method signature="TC_002_AccountLoginTest.login()[pri:0, instance:testCases.TC_002_AccountLoginTest@131774fe]" name="login" class="testCases.TC_002_AccountLoginTest"/>
      </group> <!-- Master -->
      <group name="Sanity">
        <method signature="TC_002_AccountLoginTest.login()[pri:0, instance:testCases.TC_002_AccountLoginTest@131774fe]" name="login" class="testCases.TC_002_AccountLoginTest"/>
      </group> <!-- Sanity -->
      <group name="Regression">
        <method signature="TC_001_AccountRegistrationTest.test_account_registration()[pri:0, instance:testCases.TC_001_AccountRegistrationTest@49ec71f8]" name="test_account_registration" class="testCases.TC_001_AccountRegistrationTest"/>
      </group> <!-- Regression -->
    </groups>
  </suite> <!-- Suite -->
</testng-results>
